[2026-06-16 03:12:07.751392] QUERY_STRING='', METHOD='POST', FORM_MODE='log_in', FORM_ID='test'
[2026-06-16 03:12:27.708115] QUERY_STRING='', METHOD='POST', FORM_MODE='log_in', FORM_ID='test'
Entering log_in block. Getting session...
Checking CSRF token... Form token='zjwREI9sgqi76qXcig11rOxz6o2dyeVM', Session token='zjwREI9sgqi76qXcig11rOxz6o2dyeVM'
Loading user: test
Login success! Redirecting... Header: Set-Cookie: FFAPY_SESSION="egEOwdxu4nu37v2QKCAfrPilx3i-yIvtXfPXUc9rKhek5OEnNKa6FFRQ4-t6xxePUuT1W-DOg7sCf_57vxurXJnNMBgKQ4ZsFXDV9RauE865QHf0q_ImS_YM4Apf63ZjNXIuz3igpvLzi00L5zByUA0mKQlM9S_BB-iRSnuRzXrkxpRvS26TDPA2Ae180rXQEEfThw8ZwVE1_cZ1D51cWDj0F3ePjwe44opV4FXL-9w="; HttpOnly; Path=/
[2026-06-16 03:12:48.386477] QUERY_STRING='', METHOD='POST', FORM_MODE='log_in', FORM_ID='test'
Entering log_in block. Getting session...
Checking CSRF token... Form token='JBb3I0ijxB0f78IARTkIIRI+gZ+GrPFP', Session token='JBb3I0ijxB0f78IARTkIIRI+gZ+GrPFP'
Loading user: test
Login success! Redirecting... Header: Set-Cookie: FFAPY_SESSION="q7PO8n_8OStZSHxL0fnLbp0rMbcaQizutY8Hl_zuCw2tpySVYTQQfx-4nvR9PXV8HgHhgiA0C_Q_946IiGG7sdvDQ1rEnD_PBGF4EP4Df2UANRE9FcgtyTBDC81BoZmLlaPcvDTKXDd7b0kCq6ayccOm-lzY6CJYvGpCGPsWjfIP0XnQXMnj1R0Kj3_yBNSoqXW5uOPHQaeYJ9nPQ8FSoDRMhnKVN71vqCg9Tj_07LU="; HttpOnly; Path=/
[2026-06-16 03:13:10.653797] QUERY_STRING='', METHOD='POST', FORM_MODE='log_in', FORM_ID='test'
Entering log_in block. Getting session...
Checking CSRF token... Form token='Zh/HZ1qFw0nc8V4YIaLcJqRQocaWR8qI', Session token='Zh/HZ1qFw0nc8V4YIaLcJqRQocaWR8qI'
Loading user: test
Login success! Redirecting... Header: Set-Cookie: FFAPY_SESSION="RRjbwAKyWcM-xIZE5P7an82qnaWJDN_XJQxCgBXMI4I7vrUZhTaXr1eyN2GUugFcj9FB1SfWgHHm5CGxbWIonkAn_3ygkaUDRMpCyZPyw9k4zpTMoYNXTBttwvCE0IJ3Z8xgeSFO4YjG2C1quC9dihAe6CMcA4gpCJmC46AoNQjWv5u5qlkT1pIYj7aPsGAhEsDVnjD3mNoEK94YITo2VfrDzaZcmTvGjwJinsgdbQ=="; HttpOnly; Path=/
[2026-06-16 03:13:14.059346] QUERY_STRING='', METHOD='GET', FORM_MODE='None', FORM_ID='None'
[2026-06-16 03:13:16.994509] QUERY_STRING='', METHOD='POST', FORM_MODE='yado', FORM_ID='test'
[2026-06-16 03:13:33.367437] QUERY_STRING='', METHOD='POST', FORM_MODE='log_in', FORM_ID='test'
Entering log_in block. Getting session...
Checking CSRF token... Form token='LGRxI+zTqOVa3qDqHTgocno2KxINwY/6', Session token='LGRxI+zTqOVa3qDqHTgocno2KxINwY/6'
Loading user: test
Login success! Redirecting... Header: Set-Cookie: FFAPY_SESSION="XJ8mqw_ix8vSY425XiZuhSzRXboUDGLGK0Tp1_J0PdiUv86XlFn41TKNdoAopSS0f0uYSJZ06d_1pDnLEUxjrAOe4EIKz66_gbbpD5ATE73rbjaTkDoc1tcfT_vM23VFKw0Tzr2ZR-jOQxR35CbQpYixMDbqsUPgsmFVdKAnSclSn_1UBC2evRU3jXmWNj8vAuvSwToi1SrBQiWqVNz56lFEwpssRBxAdC1i_4acQcU="; HttpOnly; Path=/
[2026-06-16 03:13:36.352991] QUERY_STRING='', METHOD='GET', FORM_MODE='None', FORM_ID='None'
[2026-06-16 03:13:39.053705] QUERY_STRING='', METHOD='POST', FORM_MODE='yado', FORM_ID='test'
[2026-06-16 03:14:05.605158] QUERY_STRING='', METHOD='POST', FORM_MODE='log_in', FORM_ID='test'
Entering log_in block. Getting session...
Checking CSRF token... Form token='MbAUXrCGHAZj/9yEDwmlEQmaEnakmte7', Session token='MbAUXrCGHAZj/9yEDwmlEQmaEnakmte7'
Loading user: test
Login success! Redirecting... Header: Set-Cookie: FFAPY_SESSION="uT6TafXkxqxlGNkO_MwHORCNqcV2yLbTfziJTC7fg4SyH6rGgFd4Os8cIACEaAFHuccD35Rt91igxi_hfARIaYSrapZhDk3jZ0lFSk7S8Xij0id4VZc7X988vHHU-KIlGldhI4NAKupNj1rFmALnKzq2aY_i17BWTIMitsuXg3OMBoK7Md7tPR_zv7zO_pDnW1-C8oPfdRzrxEj3hBXYuQREa6WX3uMDfWbw5N8wlw=="; HttpOnly; Path=/
[2026-06-16 03:14:08.058721] QUERY_STRING='', METHOD='GET', FORM_MODE='None', FORM_ID='None'
[2026-06-16 03:14:10.711682] QUERY_STRING='', METHOD='POST', FORM_MODE='yado', FORM_ID='test'
[2026-06-16 03:14:28.763508] QUERY_STRING='', METHOD='POST', FORM_MODE='log_in', FORM_ID='test'
Entering log_in block. Getting session...
Checking CSRF token... Form token='2YNBkTWD8UVO/0WLf7afGyZG1VAL6T25', Session token='2YNBkTWD8UVO/0WLf7afGyZG1VAL6T25'
Loading user: test
Login success! Redirecting... Header: Set-Cookie: FFAPY_SESSION="4UvCKIhHgKhAHg0zjgIiY3TWVHGdM0bdlhGJzQpSlBPMPoov-mWvLbUOazdASD0NVyDfDmM6e2o1Z3sBh4ZsYZA9B4Vml9XibirLkDABTnGvwwEKmDZbyUSSodymakMbD679tQbNz13ctrokRiTTorbwii6lQ8rdmSln950f2-Yx1WzmfCTN06cXF1sjlMMuRMjMVDSFVKx8fDQCmep1WLnljDHfPvaURwPFEUjGOB8="; HttpOnly; Path=/
[2026-06-16 03:14:31.227478] QUERY_STRING='', METHOD='GET', FORM_MODE='None', FORM_ID='None'
[2026-06-16 03:14:33.682149] QUERY_STRING='', METHOD='POST', FORM_MODE='yado', FORM_ID='test'
[2026-06-16 03:14:36.166525] QUERY_STRING='', METHOD='GET', FORM_MODE='None', FORM_ID='None'
